<?xml version="1.0" encoding="UTF-8"?>
<!-- Generated by org.testng.reporters.JUnitXMLReporter -->
<testsuite hostname="manish-Latitude-3460" ignored="0" name="Test" tests="2" failures="0" timestamp="14 Aug 2021 19:25:17 GMT" time="60.725" errors="0">
  <testcase name="testEnglishDropdown" time="0.15" classname="flightsearch.testcases.ValidateSignOffDropdownTest"/>
  <testcase name="testDutchDropdown" time="0.217" classname="flightsearch.testcases.ValidateSignOffDropdownTest"/>
</testsuite> <!-- Test -->
