<?xml version="1.0" encoding="UTF-8"?>
<!-- Generated by org.testng.reporters.JUnitXMLReporter -->
<testsuite hostname="manish-Latitude-3460" ignored="0" name="Validate Country DropDown Options" tests="2" failures="0" timestamp="14 Aug 2021 21:28:08 GMT" time="31.894" errors="0">
  <testcase name="testEnglishDropdown" time="0.436" classname="flightsearch.testcases.ValidateSignOffDropdownTest"/>
  <testcase name="testDutchDropdown" time="0.546" classname="flightsearch.testcases.ValidateSignOffDropdownTest"/>
</testsuite> <!-- Validate Country DropDown Options -->
